Analysis & Synthesis report for DrinksMachine
Tue May 13 14:04:05 2025
Quartus Prime Version 22.1std.2 Build 922 07/20/2023 SC Lite Edition


---------------------
; Table of Contents ;
---------------------
  1. Legal Notice
  2. Analysis & Synthesis Summary
  3. Analysis & Synthesis Settings
  4. Parallel Compilation
  5. Analysis & Synthesis Source Files Read
  6. Analysis & Synthesis Resource Usage Summary
  7. Analysis & Synthesis Resource Utilization by Entity
  8. State Machine - |DrinksMachine|DrinksFSM:drink_i|s_currentState
  9. User-Specified and Inferred Latches
 10. General Register Statistics
 11. Multiplexer Restructuring Statistics (Restructuring Performed)
 12. Parameter Settings for User Entity Instance: DebounceUnit:debounce_v
 13. Parameter Settings for User Entity Instance: DebounceUnit:debounce_c
 14. Parameter Settings for User Entity Instance: DebounceUnit:debounce_reset
 15. Post-Synthesis Netlist Statistics for Top Partition
 16. Elapsed Time Per Partition
 17. Analysis & Synthesis Messages



----------------
; Legal Notice ;
----------------
Copyright (C) 2023  Intel Corporation. All rights reserved.
Your use of Intel Corporation's design tools, logic functions 
and other software and tools, and any partner logic 
functions, and any output files from any of the foregoing 
(including device programming or simulation files), and any 
associated documentation or information are expressly subject 
to the terms and conditions of the Intel Program License 
Subscription Agreement, the Intel Quartus Prime License Agreement,
the Intel FPGA IP License Agreement, or other applicable license
agreement, including, without limitation, that your use is for
the sole purpose of programming logic devices manufactured by
Intel and sold by Intel or its authorized distributors.  Please
refer to the applicable agreement for further details, at
https://fpgasoftware.intel.com/eula.



+-------------------------------------------------------------------------------------+
; Analysis & Synthesis Summary                                                        ;
+------------------------------------+------------------------------------------------+
; Analysis & Synthesis Status        ; Successful - Tue May 13 14:04:05 2025          ;
; Quartus Prime Version              ; 22.1std.2 Build 922 07/20/2023 SC Lite Edition ;
; Revision Name                      ; DrinksMachine                                  ;
; Top-level Entity Name              ; DrinksMachine                                  ;
; Family                             ; Cyclone IV E                                   ;
; Total logic elements               ; 225                                            ;
;     Total combinational functions  ; 219                                            ;
;     Dedicated logic registers      ; 84                                             ;
; Total registers                    ; 84                                             ;
; Total pins                         ; 5                                              ;
; Total virtual pins                 ; 0                                              ;
; Total memory bits                  ; 0                                              ;
; Embedded Multiplier 9-bit elements ; 0                                              ;
; Total PLLs                         ; 0                                              ;
+------------------------------------+------------------------------------------------+


+------------------------------------------------------------------------------------------------------------+
; Analysis & Synthesis Settings                                                                              ;
+------------------------------------------------------------------+--------------------+--------------------+
; Option                                                           ; Setting            ; Default Value      ;
+------------------------------------------------------------------+--------------------+--------------------+
; Device                                                           ; EP4CE115F29C7      ;                    ;
; Top-level entity name                                            ; DrinksMachine      ; DrinksMachine      ;
; Family name                                                      ; Cyclone IV E       ; Cyclone V          ;
; Use smart compilation                                            ; Off                ; Off                ;
; Enable parallel Assembler and Timing Analyzer during compilation ; On                 ; On                 ;
; Enable compact report table                                      ; Off                ; Off                ;
; Restructure Multiplexers                                         ; Auto               ; Auto               ;
; Create Debugging Nodes for IP Cores                              ; Off                ; Off                ;
; Preserve fewer node names                                        ; On                 ; On                 ;
; Intel FPGA IP Evaluation Mode                                    ; Enable             ; Enable             ;
; Verilog Version                                                  ; Verilog_2001       ; Verilog_2001       ;
; VHDL Version                                                     ; VHDL_1993          ; VHDL_1993          ;
; State Machine Processing                                         ; Auto               ; Auto               ;
; Safe State Machine                                               ; Off                ; Off                ;
; Extract Verilog State Machines                                   ; On                 ; On                 ;
; Extract VHDL State Machines                                      ; On                 ; On                 ;
; Ignore Verilog initial constructs                                ; Off                ; Off                ;
; Iteration limit for constant Verilog loops                       ; 5000               ; 5000               ;
; Iteration limit for non-constant Verilog loops                   ; 250                ; 250                ;
; Add Pass-Through Logic to Inferred RAMs                          ; On                 ; On                 ;
; Infer RAMs from Raw Logic                                        ; On                 ; On                 ;
; Parallel Synthesis                                               ; On                 ; On                 ;
; DSP Block Balancing                                              ; Auto               ; Auto               ;
; NOT Gate Push-Back                                               ; On                 ; On                 ;
; Power-Up Don't Care                                              ; On                 ; On                 ;
; Remove Redundant Logic Cells                                     ; Off                ; Off                ;
; Remove Duplicate Registers                                       ; On                 ; On                 ;
; Ignore CARRY Buffers                                             ; Off                ; Off                ;
; Ignore CASCADE Buffers                                           ; Off                ; Off                ;
; Ignore GLOBAL Buffers                                            ; Off                ; Off                ;
; Ignore ROW GLOBAL Buffers                                        ; Off                ; Off                ;
; Ignore LCELL Buffers                                             ; Off                ; Off                ;
; Ignore SOFT Buffers                                              ; On                 ; On                 ;
; Limit AHDL Integers to 32 Bits                                   ; Off                ; Off                ;
; Optimization Technique                                           ; Balanced           ; Balanced           ;
; Carry Chain Length                                               ; 70                 ; 70                 ;
; Auto Carry Chains                                                ; On                 ; On                 ;
; Auto Open-Drain Pins                                             ; On                 ; On                 ;
; Perform WYSIWYG Primitive Resynthesis                            ; Off                ; Off                ;
; Auto ROM Replacement                                             ; On                 ; On                 ;
; Auto RAM Replacement                                             ; On                 ; On                 ;
; Auto DSP Block Replacement                                       ; On                 ; On                 ;
; Auto Shift Register Replacement                                  ; Auto               ; Auto               ;
; Allow Shift Register Merging across Hierarchies                  ; Auto               ; Auto               ;
; Auto Clock Enable Replacement                                    ; On                 ; On                 ;
; Strict RAM Replacement                                           ; Off                ; Off                ;
; Allow Synchronous Control Signals                                ; On                 ; On                 ;
; Force Use of Synchronous Clear Signals                           ; Off                ; Off                ;
; Auto RAM Block Balancing                                         ; On                 ; On                 ;
; Auto RAM to Logic Cell Conversion                                ; Off                ; Off                ;
; Auto Resource Sharing                                            ; Off                ; Off                ;
; Allow Any RAM Size For Recognition                               ; Off                ; Off                ;
; Allow Any ROM Size For Recognition                               ; Off                ; Off                ;
; Allow Any Shift Register Size For Recognition                    ; Off                ; Off                ;
; Use LogicLock Constraints during Resource Balancing              ; On                 ; On                 ;
; Ignore translate_off and synthesis_off directives                ; Off                ; Off                ;
; Timing-Driven Synthesis                                          ; On                 ; On                 ;
; Report Parameter Settings                                        ; On                 ; On                 ;
; Report Source Assignments                                        ; On                 ; On                 ;
; Report Connectivity Checks                                       ; On                 ; On                 ;
; Ignore Maximum Fan-Out Assignments                               ; Off                ; Off                ;
; Synchronization Register Chain Length                            ; 2                  ; 2                  ;
; Power Optimization During Synthesis                              ; Normal compilation ; Normal compilation ;
; HDL message level                                                ; Level2             ; Level2             ;
; Suppress Register Optimization Related Messages                  ; Off                ; Off                ;
; Number of Removed Registers Reported in Synthesis Report         ; 5000               ; 5000               ;
; Number of Swept Nodes Reported in Synthesis Report               ; 5000               ; 5000               ;
; Number of Inverted Registers Reported in Synthesis Report        ; 100                ; 100                ;
; Clock MUX Protection                                             ; On                 ; On                 ;
; Auto Gated Clock Conversion                                      ; Off                ; Off                ;
; Block Design Naming                                              ; Auto               ; Auto               ;
; SDC constraint protection                                        ; Off                ; Off                ;
; Synthesis Effort                                                 ; Auto               ; Auto               ;
; Shift Register Replacement - Allow Asynchronous Clear Signal     ; On                 ; On                 ;
; Pre-Mapping Resynthesis Optimization                             ; Off                ; Off                ;
; Analysis & Synthesis Message Level                               ; Medium             ; Medium             ;
; Disable Register Merging Across Hierarchies                      ; Auto               ; Auto               ;
; Resource Aware Inference For Block RAM                           ; On                 ; On                 ;
+------------------------------------------------------------------+--------------------+--------------------+


+------------------------------------------+
; Parallel Compilation                     ;
+----------------------------+-------------+
; Processors                 ; Number      ;
+----------------------------+-------------+
; Number detected on machine ; 8           ;
; Maximum allowed            ; 4           ;
;                            ;             ;
; Average used               ; 1.00        ;
; Maximum used               ; 4           ;
;                            ;             ;
; Usage by Processor         ; % Time Used ;
;     Processor 1            ; 100.0%      ;
;     Processors 2-4         ;   0.0%      ;
+----------------------------+-------------+


+-----------------------------------------------------------------------------------------------------------------------------------------------------------------+
; Analysis & Synthesis Source Files Read                                                                                                                          ;
+----------------------------------+-----------------+-----------------+--------------------------------------------------------------------------------+---------+
; File Name with User-Entered Path ; Used in Netlist ; File Type       ; File Name with Absolute Path                                                   ; Library ;
+----------------------------------+-----------------+-----------------+--------------------------------------------------------------------------------+---------+
; ../Chronometer/DebounceUnit.vhd  ; yes             ; User VHDL File  ; C:/Users/rg210/Desktop/ECT/2_semestre/LSD/aula 08/Chronometer/DebounceUnit.vhd ;         ;
; DrinksFSM.vhd                    ; yes             ; User VHDL File  ; C:/Users/rg210/Desktop/ECT/2_semestre/LSD/aula 08/partedois/DrinksFSM.vhd      ;         ;
; DrinksMachine.vhd                ; yes             ; User VHDL File  ; C:/Users/rg210/Desktop/ECT/2_semestre/LSD/aula 08/partedois/DrinksMachine.vhd  ;         ;
+----------------------------------+-----------------+-----------------+--------------------------------------------------------------------------------+---------+


+--------------------------------------------------------------+
; Analysis & Synthesis Resource Usage Summary                  ;
+---------------------------------------------+----------------+
; Resource                                    ; Usage          ;
+---------------------------------------------+----------------+
; Estimated Total logic elements              ; 225            ;
;                                             ;                ;
; Total combinational functions               ; 219            ;
; Logic element usage by number of LUT inputs ;                ;
;     -- 4 input functions                    ; 68             ;
;     -- 3 input functions                    ; 45             ;
;     -- <=2 input functions                  ; 106            ;
;                                             ;                ;
; Logic elements by mode                      ;                ;
;     -- normal mode                          ; 153            ;
;     -- arithmetic mode                      ; 66             ;
;                                             ;                ;
; Total registers                             ; 84             ;
;     -- Dedicated logic registers            ; 84             ;
;     -- I/O registers                        ; 0              ;
;                                             ;                ;
; I/O pins                                    ; 5              ;
;                                             ;                ;
; Embedded Multiplier 9-bit elements          ; 0              ;
;                                             ;                ;
; Maximum fan-out node                        ; CLOCK_50~input ;
; Maximum fan-out                             ; 84             ;
; Total fan-out                               ; 844            ;
; Average fan-out                             ; 2.70           ;
+---------------------------------------------+----------------+


+-----------------------------------------------------------------------------------------------------------------------------------------------------------------------------------------------------------------------------------------+
; Analysis & Synthesis Resource Utilization by Entity                                                                                                                                                                                     ;
+----------------------------------+---------------------+---------------------------+-------------+--------------+---------+-----------+------+--------------+--------------------------------------------+---------------+--------------+
; Compilation Hierarchy Node       ; Combinational ALUTs ; Dedicated Logic Registers ; Memory Bits ; DSP Elements ; DSP 9x9 ; DSP 18x18 ; Pins ; Virtual Pins ; Full Hierarchy Name                        ; Entity Name   ; Library Name ;
+----------------------------------+---------------------+---------------------------+-------------+--------------+---------+-----------+------+--------------+--------------------------------------------+---------------+--------------+
; |DrinksMachine                   ; 219 (0)             ; 84 (0)                    ; 0           ; 0            ; 0       ; 0         ; 5    ; 0            ; |DrinksMachine                             ; DrinksMachine ; work         ;
;    |DebounceUnit:debounce_c|     ; 67 (67)             ; 26 (26)                   ; 0           ; 0            ; 0       ; 0         ; 0    ; 0            ; |DrinksMachine|DebounceUnit:debounce_c     ; DebounceUnit  ; work         ;
;    |DebounceUnit:debounce_reset| ; 67 (67)             ; 26 (26)                   ; 0           ; 0            ; 0       ; 0         ; 0    ; 0            ; |DrinksMachine|DebounceUnit:debounce_reset ; DebounceUnit  ; work         ;
;    |DebounceUnit:debounce_v|     ; 67 (67)             ; 26 (26)                   ; 0           ; 0            ; 0       ; 0         ; 0    ; 0            ; |DrinksMachine|DebounceUnit:debounce_v     ; DebounceUnit  ; work         ;
;    |DrinksFSM:drink_i|           ; 18 (18)             ; 6 (6)                     ; 0           ; 0            ; 0       ; 0         ; 0    ; 0            ; |DrinksMachine|DrinksFSM:drink_i           ; DrinksFSM     ; work         ;
+----------------------------------+---------------------+---------------------------+-------------+--------------+---------+-----------+------+--------------+--------------------------------------------+---------------+--------------+
Note: For table entries with two numbers listed, the numbers in parentheses indicate the number of resources of the given type used by the specific entity alone. The numbers listed outside of parentheses indicate the total resources of the given type used by the specific entity and all of its sub-entities in the hierarchy.


Encoding Type:  One-Hot
+------------------------------------------------------------------------------------------------------------------------------------------------------------------------------+
; State Machine - |DrinksMachine|DrinksFSM:drink_i|s_currentState                                                                                                              ;
+------------------------+------------------------+------------------------+------------------------+------------------------+------------------------+------------------------+
; Name                   ; s_currentState.ESTADO6 ; s_currentState.ESTADO5 ; s_currentState.ESTADO4 ; s_currentState.ESTADO3 ; s_currentState.ESTADO2 ; s_currentState.ESTADO1 ;
+------------------------+------------------------+------------------------+------------------------+------------------------+------------------------+------------------------+
; s_currentState.ESTADO1 ; 0                      ; 0                      ; 0                      ; 0                      ; 0                      ; 0                      ;
; s_currentState.ESTADO2 ; 0                      ; 0                      ; 0                      ; 0                      ; 1                      ; 1                      ;
; s_currentState.ESTADO3 ; 0                      ; 0                      ; 0                      ; 1                      ; 0                      ; 1                      ;
; s_currentState.ESTADO4 ; 0                      ; 0                      ; 1                      ; 0                      ; 0                      ; 1                      ;
; s_currentState.ESTADO5 ; 0                      ; 1                      ; 0                      ; 0                      ; 0                      ; 1                      ;
; s_currentState.ESTADO6 ; 1                      ; 0                      ; 0                      ; 0                      ; 0                      ; 1                      ;
+------------------------+------------------------+------------------------+------------------------+------------------------+------------------------+------------------------+


+-----------------------------------------------------------------------------------------------------------+
; User-Specified and Inferred Latches                                                                       ;
+----------------------------------------------------+-----------------------------+------------------------+
; Latch Name                                         ; Latch Enable Signal         ; Free of Timing Hazards ;
+----------------------------------------------------+-----------------------------+------------------------+
; DrinksFSM:drink_i|s_nextState.ESTADO6_152          ; DrinksFSM:drink_i|Selector6 ; yes                    ;
; DrinksFSM:drink_i|s_nextState.ESTADO4_198          ; DrinksFSM:drink_i|Selector6 ; yes                    ;
; DrinksFSM:drink_i|s_nextState.ESTADO3_221          ; DrinksFSM:drink_i|Selector6 ; yes                    ;
; DrinksFSM:drink_i|s_nextState.ESTADO5_175          ; DrinksFSM:drink_i|Selector6 ; yes                    ;
; DrinksFSM:drink_i|s_nextState.ESTADO1_267          ; DrinksFSM:drink_i|Selector6 ; yes                    ;
; DrinksFSM:drink_i|s_nextState.ESTADO2_244          ; DrinksFSM:drink_i|Selector6 ; yes                    ;
; Number of user-specified and inferred latches = 6  ;                             ;                        ;
+----------------------------------------------------+-----------------------------+------------------------+
Note: All latches listed above may not be present at the end of synthesis due to various synthesis optimizations.


+------------------------------------------------------+
; General Register Statistics                          ;
+----------------------------------------------+-------+
; Statistic                                    ; Value ;
+----------------------------------------------+-------+
; Total registers                              ; 84    ;
; Number of registers using Synchronous Clear  ; 0     ;
; Number of registers using Synchronous Load   ; 0     ;
; Number of registers using Asynchronous Clear ; 0     ;
; Number of registers using Asynchronous Load  ; 0     ;
; Number of registers using Clock Enable       ; 54    ;
; Number of registers using Preset             ; 0     ;
+----------------------------------------------+-------+


+----------------------------------------------------------------------------------------------------------------------------------------------------------------------------+
; Multiplexer Restructuring Statistics (Restructuring Performed)                                                                                                             ;
+--------------------+-----------+---------------+----------------------+------------------------+------------+--------------------------------------------------------------+
; Multiplexer Inputs ; Bus Width ; Baseline Area ; Area if Restructured ; Saving if Restructured ; Registered ; Example Multiplexer Output                                   ;
+--------------------+-----------+---------------+----------------------+------------------------+------------+--------------------------------------------------------------+
; 5:1                ; 23 bits   ; 69 LEs        ; 46 LEs               ; 23 LEs                 ; Yes        ; |DrinksMachine|DebounceUnit:debounce_reset|s_debounceCnt[15] ;
; 5:1                ; 23 bits   ; 69 LEs        ; 46 LEs               ; 23 LEs                 ; Yes        ; |DrinksMachine|DebounceUnit:debounce_v|s_debounceCnt[15]     ;
; 5:1                ; 23 bits   ; 69 LEs        ; 46 LEs               ; 23 LEs                 ; Yes        ; |DrinksMachine|DebounceUnit:debounce_c|s_debounceCnt[0]      ;
+--------------------+-----------+---------------+----------------------+------------------------+------------+--------------------------------------------------------------+


+----------------------------------------------------------------------+
; Parameter Settings for User Entity Instance: DebounceUnit:debounce_v ;
+----------------+-------+---------------------------------------------+
; Parameter Name ; Value ; Type                                        ;
+----------------+-------+---------------------------------------------+
; khzclkfreq     ; 50000 ; Signed Integer                              ;
; msecmininwidth ; 100   ; Signed Integer                              ;
; inpolarity     ; '1'   ; Enumerated                                  ;
; outpolarity    ; '1'   ; Enumerated                                  ;
+----------------+-------+---------------------------------------------+
Note: In order to hide this table in the UI and the text report file, please set the "Show Parameter Settings in Synthesis Report" option in "Analysis and Synthesis Settings -> More Settings" to "Off".


+----------------------------------------------------------------------+
; Parameter Settings for User Entity Instance: DebounceUnit:debounce_c ;
+----------------+-------+---------------------------------------------+
; Parameter Name ; Value ; Type                                        ;
+----------------+-------+---------------------------------------------+
; khzclkfreq     ; 50000 ; Signed Integer                              ;
; msecmininwidth ; 100   ; Signed Integer                              ;
; inpolarity     ; '1'   ; Enumerated                                  ;
; outpolarity    ; '1'   ; Enumerated                                  ;
+----------------+-------+---------------------------------------------+
Note: In order to hide this table in the UI and the text report file, please set the "Show Parameter Settings in Synthesis Report" option in "Analysis and Synthesis Settings -> More Settings" to "Off".


+--------------------------------------------------------------------------+
; Parameter Settings for User Entity Instance: DebounceUnit:debounce_reset ;
+----------------+-------+-------------------------------------------------+
; Parameter Name ; Value ; Type                                            ;
+----------------+-------+-------------------------------------------------+
; khzclkfreq     ; 50000 ; Signed Integer                                  ;
; msecmininwidth ; 100   ; Signed Integer                                  ;
; inpolarity     ; '1'   ; Enumerated                                      ;
; outpolarity    ; '1'   ; Enumerated                                      ;
+----------------+-------+-------------------------------------------------+
Note: In order to hide this table in the UI and the text report file, please set the "Show Parameter Settings in Synthesis Report" option in "Analysis and Synthesis Settings -> More Settings" to "Off".


+-----------------------------------------------------+
; Post-Synthesis Netlist Statistics for Top Partition ;
+-----------------------+-----------------------------+
; Type                  ; Count                       ;
+-----------------------+-----------------------------+
; boundary_port         ; 5                           ;
; cycloneiii_ff         ; 84                          ;
;     ENA               ; 54                          ;
;     plain             ; 30                          ;
; cycloneiii_lcell_comb ; 219                         ;
;     arith             ; 66                          ;
;         2 data inputs ; 66                          ;
;     normal            ; 153                         ;
;         1 data inputs ; 3                           ;
;         2 data inputs ; 37                          ;
;         3 data inputs ; 45                          ;
;         4 data inputs ; 68                          ;
;                       ;                             ;
; Max LUT depth         ; 7.00                        ;
; Average LUT depth     ; 4.43                        ;
+-----------------------+-----------------------------+


+-------------------------------+
; Elapsed Time Per Partition    ;
+----------------+--------------+
; Partition Name ; Elapsed Time ;
+----------------+--------------+
; Top            ; 00:00:00     ;
+----------------+--------------+


+-------------------------------+
; Analysis & Synthesis Messages ;
+-------------------------------+
Info: *******************************************************************
Info: Running Quartus Prime Analysis & Synthesis
    Info: Version 22.1std.2 Build 922 07/20/2023 SC Lite Edition
    Info: Processing started: Tue May 13 14:03:54 2025
Info: Command: quartus_map --read_settings_files=on --write_settings_files=off DrinksMachine -c DrinksMachine
Warning (18236): Number of processors has not been specified which may cause overloading on shared machines.  Set the global assignment NUM_PARALLEL_PROCESSORS in your QSF to an appropriate value for best performance.
Info (20030): Parallel compilation is enabled and will use 4 of the 4 processors detected
Info (12021): Found 2 design units, including 1 entities, in source file /users/rg210/desktop/ect/2_semestre/lsd/aula 08/chronometer/controlunit.backup.vhd
    Info (12022): Found design unit 1: ControlUnit-Behavioral File: C:/Users/rg210/Desktop/ECT/2_semestre/LSD/aula 08/Chronometer/ControlUnit.backup.vhd Line: 14
    Info (12023): Found entity 1: ControlUnit File: C:/Users/rg210/Desktop/ECT/2_semestre/LSD/aula 08/Chronometer/ControlUnit.backup.vhd Line: 4
Info (12021): Found 2 design units, including 1 entities, in source file /users/rg210/desktop/ect/2_semestre/lsd/aula 08/chronometer/debounceunit.vhd
    Info (12022): Found design unit 1: DebounceUnit-Behavioral File: C:/Users/rg210/Desktop/ECT/2_semestre/LSD/aula 08/Chronometer/DebounceUnit.vhd Line: 15
    Info (12023): Found entity 1: DebounceUnit File: C:/Users/rg210/Desktop/ECT/2_semestre/LSD/aula 08/Chronometer/DebounceUnit.vhd Line: 5
Info (12021): Found 2 design units, including 1 entities, in source file drinksfsm.vhd
    Info (12022): Found design unit 1: DrinksFSM-Behavioral File: C:/Users/rg210/Desktop/ECT/2_semestre/LSD/aula 08/partedois/DrinksFSM.vhd Line: 12
    Info (12023): Found entity 1: DrinksFSM File: C:/Users/rg210/Desktop/ECT/2_semestre/LSD/aula 08/partedois/DrinksFSM.vhd Line: 4
Info (12021): Found 2 design units, including 1 entities, in source file drinksfsmtb.vhd
    Info (12022): Found design unit 1: DrinksFSMTb-Stimulus File: C:/Users/rg210/Desktop/ECT/2_semestre/LSD/aula 08/partedois/DrinksFSMTb.vhd Line: 8
    Info (12023): Found entity 1: DrinksFSMTb File: C:/Users/rg210/Desktop/ECT/2_semestre/LSD/aula 08/partedois/DrinksFSMTb.vhd Line: 4
Info (12021): Found 2 design units, including 1 entities, in source file drinksmachine.vhd
    Info (12022): Found design unit 1: DrinksMachine-Structural File: C:/Users/rg210/Desktop/ECT/2_semestre/LSD/aula 08/partedois/DrinksMachine.vhd Line: 13
    Info (12023): Found entity 1: DrinksMachine File: C:/Users/rg210/Desktop/ECT/2_semestre/LSD/aula 08/partedois/DrinksMachine.vhd Line: 4
Info (12127): Elaborating entity "DrinksMachine" for the top level hierarchy
Info (12129): Elaborating entity "DebounceUnit" using architecture "A:behavioral" for hierarchy "DebounceUnit:debounce_v" File: C:/Users/rg210/Desktop/ECT/2_semestre/LSD/aula 08/partedois/DrinksMachine.vhd Line: 19
Info (12129): Elaborating entity "DrinksFSM" using architecture "A:behavioral" for hierarchy "DrinksFSM:drink_i" File: C:/Users/rg210/Desktop/ECT/2_semestre/LSD/aula 08/partedois/DrinksMachine.vhd Line: 40
Warning (10631): VHDL Process Statement warning at DrinksFSM.vhd(29): inferring latch(es) for signal or variable "s_nextState", which holds its previous value in one or more paths through the process File: C:/Users/rg210/Desktop/ECT/2_semestre/LSD/aula 08/partedois/DrinksFSM.vhd Line: 29
Info (10041): Inferred latch for "s_nextState.ESTADO6" at DrinksFSM.vhd(29) File: C:/Users/rg210/Desktop/ECT/2_semestre/LSD/aula 08/partedois/DrinksFSM.vhd Line: 29
Info (10041): Inferred latch for "s_nextState.ESTADO5" at DrinksFSM.vhd(29) File: C:/Users/rg210/Desktop/ECT/2_semestre/LSD/aula 08/partedois/DrinksFSM.vhd Line: 29
Info (10041): Inferred latch for "s_nextState.ESTADO4" at DrinksFSM.vhd(29) File: C:/Users/rg210/Desktop/ECT/2_semestre/LSD/aula 08/partedois/DrinksFSM.vhd Line: 29
Info (10041): Inferred latch for "s_nextState.ESTADO3" at DrinksFSM.vhd(29) File: C:/Users/rg210/Desktop/ECT/2_semestre/LSD/aula 08/partedois/DrinksFSM.vhd Line: 29
Info (10041): Inferred latch for "s_nextState.ESTADO2" at DrinksFSM.vhd(29) File: C:/Users/rg210/Desktop/ECT/2_semestre/LSD/aula 08/partedois/DrinksFSM.vhd Line: 29
Info (10041): Inferred latch for "s_nextState.ESTADO1" at DrinksFSM.vhd(29) File: C:/Users/rg210/Desktop/ECT/2_semestre/LSD/aula 08/partedois/DrinksFSM.vhd Line: 29
Warning (12069): Ignored assignment(s) for "KEY[0]" because "KEY" is not a bus or array File: C:/Users/rg210/Desktop/ECT/2_semestre/LSD/aula 08/partedois/DrinksMachine.vhd Line: 6
Warning (12069): Ignored assignment(s) for "KEY[1]" because "KEY" is not a bus or array File: C:/Users/rg210/Desktop/ECT/2_semestre/LSD/aula 08/partedois/DrinksMachine.vhd Line: 6
Warning (12069): Ignored assignment(s) for "KEY[2]" because "KEY" is not a bus or array File: C:/Users/rg210/Desktop/ECT/2_semestre/LSD/aula 08/partedois/DrinksMachine.vhd Line: 6
Warning (12069): Ignored assignment(s) for "KEY[3]" because "KEY" is not a bus or array File: C:/Users/rg210/Desktop/ECT/2_semestre/LSD/aula 08/partedois/DrinksMachine.vhd Line: 6
Warning (12069): Ignored assignment(s) for "LEDG[0]" because "LEDG" is not a bus or array File: C:/Users/rg210/Desktop/ECT/2_semestre/LSD/aula 08/partedois/DrinksMachine.vhd Line: 9
Warning (12069): Ignored assignment(s) for "LEDG[1]" because "LEDG" is not a bus or array File: C:/Users/rg210/Desktop/ECT/2_semestre/LSD/aula 08/partedois/DrinksMachine.vhd Line: 9
Warning (12069): Ignored assignment(s) for "LEDG[2]" because "LEDG" is not a bus or array File: C:/Users/rg210/Desktop/ECT/2_semestre/LSD/aula 08/partedois/DrinksMachine.vhd Line: 9
Warning (12069): Ignored assignment(s) for "LEDG[3]" because "LEDG" is not a bus or array File: C:/Users/rg210/Desktop/ECT/2_semestre/LSD/aula 08/partedois/DrinksMachine.vhd Line: 9
Warning (12069): Ignored assignment(s) for "LEDG[4]" because "LEDG" is not a bus or array File: C:/Users/rg210/Desktop/ECT/2_semestre/LSD/aula 08/partedois/DrinksMachine.vhd Line: 9
Warning (12069): Ignored assignment(s) for "LEDG[5]" because "LEDG" is not a bus or array File: C:/Users/rg210/Desktop/ECT/2_semestre/LSD/aula 08/partedois/DrinksMachine.vhd Line: 9
Warning (12069): Ignored assignment(s) for "LEDG[6]" because "LEDG" is not a bus or array File: C:/Users/rg210/Desktop/ECT/2_semestre/LSD/aula 08/partedois/DrinksMachine.vhd Line: 9
Warning (12069): Ignored assignment(s) for "LEDG[7]" because "LEDG" is not a bus or array File: C:/Users/rg210/Desktop/ECT/2_semestre/LSD/aula 08/partedois/DrinksMachine.vhd Line: 9
Warning (12069): Ignored assignment(s) for "LEDG[8]" because "LEDG" is not a bus or array File: C:/Users/rg210/Desktop/ECT/2_semestre/LSD/aula 08/partedois/DrinksMachine.vhd Line: 9
Warning (13012): Latch DrinksFSM:drink_i|s_nextState.ESTADO6_152 has unsafe behavior File: C:/Users/rg210/Desktop/ECT/2_semestre/LSD/aula 08/partedois/DrinksFSM.vhd Line: 29
    Warning (13013): Ports D and ENA on the latch are fed by the same signal DebounceUnit:debounce_v|s_pulsedOut File: C:/Users/rg210/Desktop/ECT/2_semestre/LSD/aula 08/Chronometer/DebounceUnit.vhd Line: 38
Warning (13012): Latch DrinksFSM:drink_i|s_nextState.ESTADO4_198 has unsafe behavior File: C:/Users/rg210/Desktop/ECT/2_semestre/LSD/aula 08/partedois/DrinksFSM.vhd Line: 29
    Warning (13013): Ports D and ENA on the latch are fed by the same signal DebounceUnit:debounce_v|s_pulsedOut File: C:/Users/rg210/Desktop/ECT/2_semestre/LSD/aula 08/Chronometer/DebounceUnit.vhd Line: 38
Warning (13012): Latch DrinksFSM:drink_i|s_nextState.ESTADO3_221 has unsafe behavior File: C:/Users/rg210/Desktop/ECT/2_semestre/LSD/aula 08/partedois/DrinksFSM.vhd Line: 29
    Warning (13013): Ports D and ENA on the latch are fed by the same signal DebounceUnit:debounce_v|s_pulsedOut File: C:/Users/rg210/Desktop/ECT/2_semestre/LSD/aula 08/Chronometer/DebounceUnit.vhd Line: 38
Warning (13012): Latch DrinksFSM:drink_i|s_nextState.ESTADO5_175 has unsafe behavior File: C:/Users/rg210/Desktop/ECT/2_semestre/LSD/aula 08/partedois/DrinksFSM.vhd Line: 29
    Warning (13013): Ports D and ENA on the latch are fed by the same signal DebounceUnit:debounce_v|s_pulsedOut File: C:/Users/rg210/Desktop/ECT/2_semestre/LSD/aula 08/Chronometer/DebounceUnit.vhd Line: 38
Warning (13012): Latch DrinksFSM:drink_i|s_nextState.ESTADO1_267 has unsafe behavior File: C:/Users/rg210/Desktop/ECT/2_semestre/LSD/aula 08/partedois/DrinksFSM.vhd Line: 29
    Warning (13013): Ports D and ENA on the latch are fed by the same signal DrinksFSM:drink_i|s_currentState.ESTADO6 File: C:/Users/rg210/Desktop/ECT/2_semestre/LSD/aula 08/partedois/DrinksFSM.vhd Line: 15
Warning (13012): Latch DrinksFSM:drink_i|s_nextState.ESTADO2_244 has unsafe behavior File: C:/Users/rg210/Desktop/ECT/2_semestre/LSD/aula 08/partedois/DrinksFSM.vhd Line: 29
    Warning (13013): Ports D and ENA on the latch are fed by the same signal DebounceUnit:debounce_v|s_pulsedOut File: C:/Users/rg210/Desktop/ECT/2_semestre/LSD/aula 08/Chronometer/DebounceUnit.vhd Line: 38
Info (286030): Timing-Driven Synthesis is running
Info (16010): Generating hard_block partition "hard_block:auto_generated_inst"
    Info (16011): Adding 0 node(s), including 0 DDIO, 0 PLL, 0 transceiver and 0 LCELL
Info (21057): Implemented 230 device resources after synthesis - the final resource count might be different
    Info (21058): Implemented 4 input pins
    Info (21059): Implemented 1 output pins
    Info (21061): Implemented 225 logic cells
Info: Quartus Prime Analysis & Synthesis was successful. 0 errors, 27 warnings
    Info: Peak virtual memory: 4869 megabytes
    Info: Processing ended: Tue May 13 14:04:05 2025
    Info: Elapsed time: 00:00:11
    Info: Total CPU time (on all processors): 00:00:23


