Flow report for ficha9
Tue Nov 12 12:02:08 2024
Quartus Prime Version 22.1std.2 Build 922 07/20/2023 SC Lite Edition


---------------------
; Table of Contents ;
---------------------
  1. Legal Notice
  2. Flow Summary
  3. Flow Settings
  4. Flow Non-Default Global Settings
  5. Flow Elapsed Time
  6. Flow OS Summary
  7. Flow Log
  8. Flow Messages
  9. Flow Suppressed Messages



----------------
; Legal Notice ;
----------------
Copyright (C) 2023  Intel Corporation. All rights reserved.
Your use of Intel Corporation's design tools, logic functions 
and other software and tools, and any partner logic 
functions, and any output files from any of the foregoing 
(including device programming or simulation files), and any 
associated documentation or information are expressly subject 
to the terms and conditions of the Intel Program License 
Subscription Agreement, the Intel Quartus Prime License Agreement,
the Intel FPGA IP License Agreement, or other applicable license
agreement, including, without limitation, that your use is for
the sole purpose of programming logic devices manufactured by
Intel and sold by Intel or its authorized distributors.  Please
refer to the applicable agreement for further details, at
https://fpgasoftware.intel.com/eula.



+-------------------------------------------------------------------------------------+
; Flow Summary                                                                        ;
+------------------------------------+------------------------------------------------+
; Flow Status                        ; Successful - Tue Nov 12 12:02:08 2024          ;
; Quartus Prime Version              ; 22.1std.2 Build 922 07/20/2023 SC Lite Edition ;
; Revision Name                      ; ficha9                                         ;
; Top-level Entity Name              ; FullAdder                                      ;
; Family                             ; Cyclone IV E                                   ;
; Total logic elements               ; 2                                              ;
;     Total combinational functions  ; 2                                              ;
;     Dedicated logic registers      ; 0                                              ;
; Total registers                    ; 0                                              ;
; Total pins                         ; 5                                              ;
; Total virtual pins                 ; 0                                              ;
; Total memory bits                  ; 0                                              ;
; Embedded Multiplier 9-bit elements ; 0                                              ;
; Total PLLs                         ; 0                                              ;
+------------------------------------+------------------------------------------------+


+-----------------------------------------+
; Flow Settings                           ;
+-------------------+---------------------+
; Option            ; Setting             ;
+-------------------+---------------------+
; Start date & time ; 11/12/2024 11:57:58 ;
; Main task         ; Compilation         ;
; Revision Name     ; ficha9              ;
+-------------------+---------------------+


+------------------------------------------------------------------------------------------------------------------------------------------------+
; Flow Non-Default Global Settings                                                                                                               ;
+-------------------------------------+----------------------------------------+---------------+-------------+-----------------------------------+
; Assignment Name                     ; Value                                  ; Default Value ; Entity Name ; Section Id                        ;
+-------------------------------------+----------------------------------------+---------------+-------------+-----------------------------------+
; COMPILER_SIGNATURE_ID               ; 154027287427402.173141267810892        ; --            ; --          ; --                                ;
; EDA_GENERATE_FUNCTIONAL_NETLIST     ; Off                                    ; --            ; --          ; eda_board_design_timing           ;
; EDA_GENERATE_FUNCTIONAL_NETLIST     ; Off                                    ; --            ; --          ; eda_board_design_boundary_scan    ;
; EDA_GENERATE_FUNCTIONAL_NETLIST     ; Off                                    ; --            ; --          ; eda_board_design_signal_integrity ;
; EDA_GENERATE_FUNCTIONAL_NETLIST     ; Off                                    ; --            ; --          ; eda_board_design_symbol           ;
; EDA_OUTPUT_DATA_FORMAT              ; Vhdl                                   ; --            ; --          ; eda_simulation                    ;
; EDA_SIMULATION_TOOL                 ; Questa Intel FPGA (VHDL)               ; <None>        ; --          ; --                                ;
; EDA_TIME_SCALE                      ; 1 ps                                   ; --            ; --          ; eda_simulation                    ;
; PARTITION_COLOR                     ; -- (Not supported for targeted family) ; --            ; FullAdder   ; Top                               ;
; PARTITION_FITTER_PRESERVATION_LEVEL ; -- (Not supported for targeted family) ; --            ; FullAdder   ; Top                               ;
; PARTITION_NETLIST_TYPE              ; -- (Not supported for targeted family) ; --            ; FullAdder   ; Top                               ;
; PROJECT_OUTPUT_DIRECTORY            ; output_files                           ; --            ; --          ; --                                ;
; TOP_LEVEL_ENTITY                    ; FullAdder                              ; ficha9        ; --          ; --                                ;
+-------------------------------------+----------------------------------------+---------------+-------------+-----------------------------------+


+--------------------------------------------------------------------------------------------------------------------------+
; Flow Elapsed Time                                                                                                        ;
+----------------------+--------------+-------------------------+---------------------+------------------------------------+
; Module Name          ; Elapsed Time ; Average Processors Used ; Peak Virtual Memory ; Total CPU Time (on all processors) ;
+----------------------+--------------+-------------------------+---------------------+------------------------------------+
; Analysis & Synthesis ; 00:00:09     ; 1.0                     ; 4774 MB             ; 00:00:13                           ;
; EDA Netlist Writer   ; 00:00:01     ; 1.0                     ; 4642 MB             ; 00:00:00                           ;
; EDA Netlist Writer   ; 00:00:01     ; 1.0                     ; 4654 MB             ; 00:00:00                           ;
; EDA Netlist Writer   ; 00:00:01     ; 1.0                     ; 4654 MB             ; 00:00:00                           ;
; EDA Netlist Writer   ; 00:00:00     ; 1.0                     ; 4654 MB             ; 00:00:00                           ;
; EDA Netlist Writer   ; 00:00:01     ; 1.0                     ; 4654 MB             ; 00:00:00                           ;
; EDA Netlist Writer   ; 00:00:00     ; 1.0                     ; 4654 MB             ; 00:00:00                           ;
; Total                ; 00:00:13     ; --                      ; --                  ; 00:00:13                           ;
+----------------------+--------------+-------------------------+---------------------+------------------------------------+


+------------------------------------------------------------------------------------+
; Flow OS Summary                                                                    ;
+----------------------+------------------+------------+------------+----------------+
; Module Name          ; Machine Hostname ; OS Name    ; OS Version ; Processor type ;
+----------------------+------------------+------------+------------+----------------+
; Analysis & Synthesis ; PC-DO-WUIDAS     ; Windows 10 ; 10.0       ; x86_64         ;
; EDA Netlist Writer   ; PC-DO-WUIDAS     ; Windows 10 ; 10.0       ; x86_64         ;
; EDA Netlist Writer   ; PC-DO-WUIDAS     ; Windows 10 ; 10.0       ; x86_64         ;
; EDA Netlist Writer   ; PC-DO-WUIDAS     ; Windows 10 ; 10.0       ; x86_64         ;
; EDA Netlist Writer   ; PC-DO-WUIDAS     ; Windows 10 ; 10.0       ; x86_64         ;
; EDA Netlist Writer   ; PC-DO-WUIDAS     ; Windows 10 ; 10.0       ; x86_64         ;
; EDA Netlist Writer   ; PC-DO-WUIDAS     ; Windows 10 ; 10.0       ; x86_64         ;
+----------------------+------------------+------------+------------+----------------+


------------
; Flow Log ;
------------
quartus_map --read_settings_files=on --write_settings_files=off ficha9 -c ficha9
quartus_eda --gen_testbench --tool=modelsim_oem --format=verilog --write_settings_files=off ficha9 -c ficha9 --vector_source=C:/Users/rg210/Documents/GitHub/ECT/1_semestre/ISD/Praticas/Quartos/ficha_9/Waveform.vwf --testbench_file=C:/Users/rg210/Documents/GitHub/ECT/1_semestre/ISD/Praticas/Quartos/ficha_9/simulation/qsim/Waveform.vwf.vt
quartus_eda --write_settings_files=off --simulation=on --functional=on --flatten_buses=off --tool=modelsim_oem --format=verilog --output_directory=C:/Users/rg210/Documents/GitHub/ECT/1_semestre/ISD/Praticas/Quartos/ficha_9/simulation/qsim/ ficha9 -c ficha9
quartus_eda --gen_testbench --tool=modelsim_oem --format=verilog --write_settings_files=off ficha9 -c ficha9 --vector_source=C:/Users/rg210/Documents/GitHub/ECT/1_semestre/ISD/Praticas/Quartos/ficha_9/Waveform.vwf --testbench_file=C:/Users/rg210/Documents/GitHub/ECT/1_semestre/ISD/Praticas/Quartos/ficha_9/simulation/qsim/Waveform.vwf.vt
quartus_eda --write_settings_files=off --simulation=on --functional=off --flatten_buses=off --timescale=1ps --tool=modelsim_oem --format=verilog --output_directory=C:/Users/rg210/Documents/GitHub/ECT/1_semestre/ISD/Praticas/Quartos/ficha_9/simulation/qsim/ ficha9 -c ficha9
quartus_eda --gen_testbench --tool=modelsim_oem --format=verilog --write_settings_files=off ficha9 -c ficha9 --vector_source=C:/Users/rg210/Documents/GitHub/ECT/1_semestre/ISD/Praticas/Quartos/ficha_9/Waveform.vwf --testbench_file=C:/Users/rg210/Documents/GitHub/ECT/1_semestre/ISD/Praticas/Quartos/ficha_9/simulation/qsim/Waveform.vwf.vt
quartus_eda --write_settings_files=off --simulation=on --functional=on --flatten_buses=off --tool=modelsim_oem --format=verilog --output_directory=C:/Users/rg210/Documents/GitHub/ECT/1_semestre/ISD/Praticas/Quartos/ficha_9/simulation/qsim/ ficha9 -c ficha9



